Determining if the system is big endian passed with the following output:
Change Dir: /home/chris/Documents/Overflows/date11152014/mathgl-2.3.1/CMakeFiles/CMakeTmp

Run Build Command:/usr/bin/make "cmTryCompileExec1486919979/fast"
/usr/bin/make -f CMakeFiles/cmTryCompileExec1486919979.dir/build.make CMakeFiles/cmTryCompileExec1486919979.dir/build
make[1]: Entering directory `/home/chris/Documents/Overflows/date11152014/mathgl-2.3.1/CMakeFiles/CMakeTmp'
/usr/bin/cmake -E cmake_progress_report /home/chris/Documents/Overflows/date11152014/mathgl-2.3.1/CMakeFiles/CMakeTmp/CMakeFiles 1
Building C object CMakeFiles/cmTryCompileExec1486919979.dir/TestEndianess.c.o
/usr/bin/cc    -o CMakeFiles/cmTryCompileExec1486919979.dir/TestEndianess.c.o   -c /home/chris/Documents/Overflows/date11152014/mathgl-2.3.1/CMakeFiles/CMakeTmp/TestEndianess.c
Linking C executable cmTryCompileExec1486919979
/usr/bin/cmake -E cmake_link_script CMakeFiles/cmTryCompileExec1486919979.dir/link.txt --verbose=1
/usr/bin/cc       CMakeFiles/cmTryCompileExec1486919979.dir/TestEndianess.c.o  -o cmTryCompileExec1486919979 -rdynamic 
make[1]: Leaving directory `/home/chris/Documents/Overflows/date11152014/mathgl-2.3.1/CMakeFiles/CMakeTmp'

TestEndianess.c:
/* A 16 bit integer is required. */
typedef unsigned short cmakeint16;

/* On a little endian machine, these 16bit ints will give "THIS IS LITTLE ENDIAN."
   On a big endian machine the characters will be exchanged pairwise. */
const cmakeint16 info_little[] =  {0x4854, 0x5349, 0x4920, 0x2053, 0x494c, 0x5454, 0x454c, 0x4520, 0x444e, 0x4149, 0x2e4e, 0x0000};

/* on a big endian machine, these 16bit ints will give "THIS IS BIG ENDIAN."
   On a little endian machine the characters will be exchanged pairwise. */
const cmakeint16 info_big[] =     {0x5448, 0x4953, 0x2049, 0x5320, 0x4249, 0x4720, 0x454e, 0x4449, 0x414e, 0x2e2e, 0x0000};

#ifdef __CLASSIC_C__
int main(argc, argv) int argc; char *argv[];
#else
int main(int argc, char *argv[])
#endif
{
  int require = 0;
  require += info_little[argc];
  require += info_big[argc];
  (void)argv;
  return require;
}


Determining if the function sin exists failed with the following output:
Change Dir: /home/chris/Documents/Overflows/date11152014/mathgl-2.3.1/CMakeFiles/CMakeTmp

Run Build Command:/usr/bin/make "cmTryCompileExec2895375452/fast"
/usr/bin/make -f CMakeFiles/cmTryCompileExec2895375452.dir/build.make CMakeFiles/cmTryCompileExec2895375452.dir/build
make[1]: Entering directory `/home/chris/Documents/Overflows/date11152014/mathgl-2.3.1/CMakeFiles/CMakeTmp'
/usr/bin/cmake -E cmake_progress_report /home/chris/Documents/Overflows/date11152014/mathgl-2.3.1/CMakeFiles/CMakeTmp/CMakeFiles 1
Building C object CMakeFiles/cmTryCompileExec2895375452.dir/CheckFunctionExists.c.o
/usr/bin/cc   -DCHECK_FUNCTION_EXISTS=sin   -o CMakeFiles/cmTryCompileExec2895375452.dir/CheckFunctionExists.c.o   -c /usr/share/cmake-2.8/Modules/CheckFunctionExists.c
<command-line>:0:23: warning: conflicting types for built-in function ‘sin’ [enabled by default]
/usr/share/cmake-2.8/Modules/CheckFunctionExists.c:3:6: note: in expansion of macro ‘CHECK_FUNCTION_EXISTS’
 char CHECK_FUNCTION_EXISTS();
      ^
Linking C executable cmTryCompileExec2895375452
/usr/bin/cmake -E cmake_link_script CMakeFiles/cmTryCompileExec2895375452.dir/link.txt --verbose=1
/usr/bin/cc   -DCHECK_FUNCTION_EXISTS=sin    CMakeFiles/cmTryCompileExec2895375452.dir/CheckFunctionExists.c.o  -o cmTryCompileExec2895375452 -rdynamic 
CMakeFiles/cmTryCompileExec2895375452.dir/CheckFunctionExists.c.o: In function `main':
CheckFunctionExists.c:(.text+0x15): undefined reference to `sin'
collect2: error: ld returned 1 exit status
make[1]: *** [cmTryCompileExec2895375452] Error 1
make[1]: Leaving directory `/home/chris/Documents/Overflows/date11152014/mathgl-2.3.1/CMakeFiles/CMakeTmp'
make: *** [cmTryCompileExec2895375452/fast] Error 2


Performing C++ SOURCE FILE Test MGL_HAVE_RVAL failed with the following output:
Change Dir: /home/chris/Documents/Overflows/date11152014/mathgl-2.3.1/CMakeFiles/CMakeTmp

Run Build Command:/usr/bin/make "cmTryCompileExec2876996655/fast"
/usr/bin/make -f CMakeFiles/cmTryCompileExec2876996655.dir/build.make CMakeFiles/cmTryCompileExec2876996655.dir/build
make[1]: Entering directory `/home/chris/Documents/Overflows/date11152014/mathgl-2.3.1/CMakeFiles/CMakeTmp'
/usr/bin/cmake -E cmake_progress_report /home/chris/Documents/Overflows/date11152014/mathgl-2.3.1/CMakeFiles/CMakeTmp/CMakeFiles 1
Building CXX object CMakeFiles/cmTryCompileExec2876996655.dir/src.cxx.o
/usr/bin/c++    -DMGL_HAVE_RVAL   -o CMakeFiles/cmTryCompileExec2876996655.dir/src.cxx.o -c /home/chris/Documents/Overflows/date11152014/mathgl-2.3.1/CMakeFiles/CMakeTmp/src.cxx
/home/chris/Documents/Overflows/date11152014/mathgl-2.3.1/CMakeFiles/CMakeTmp/src.cxx:1:34: error: expected ‘,’ or ‘...’ before ‘&&’ token
 struct test { test() {} test(test&& a){} };
                                  ^
/home/chris/Documents/Overflows/date11152014/mathgl-2.3.1/CMakeFiles/CMakeTmp/src.cxx:1:38: error: invalid constructor; you probably meant ‘test (const test&)’
 struct test { test() {} test(test&& a){} };
                                      ^
make[1]: Leaving directory `/home/chris/Documents/Overflows/date11152014/mathgl-2.3.1/CMakeFiles/CMakeTmp'
make[1]: *** [CMakeFiles/cmTryCompileExec2876996655.dir/src.cxx.o] Error 1
make: *** [cmTryCompileExec2876996655/fast] Error 2

Source file was:
struct test { test() {} test(test&& a){} };
int main() { test t;	return 0; }
